Detecting C [-std=c11] compiler features failed to compile with the following output:
Change Dir: /home/hlt/Desktop/task/1opencv/build/CMakeFiles/CMakeTmp

Run Build Command:"/usr/bin/make" "cmTC_bc2e7/fast"
/usr/bin/make -f CMakeFiles/cmTC_bc2e7.dir/build.make CMakeFiles/cmTC_bc2e7.dir/build
make[1]: 进入目录“/home/hlt/Desktop/task/1opencv/build/CMakeFiles/CMakeTmp”
Building C object CMakeFiles/cmTC_bc2e7.dir/feature_tests.c.o
/usr/bin/c89-gcc   -std=c11 -o CMakeFiles/cmTC_bc2e7.dir/feature_tests.c.o   -c /home/hlt/Desktop/task/1opencv/build/CMakeFiles/feature_tests.c
c89-gcc called with non ANSI/ISO C option -std=c11
CMakeFiles/cmTC_bc2e7.dir/build.make:65: recipe for target 'CMakeFiles/cmTC_bc2e7.dir/feature_tests.c.o' failed
make[1]: *** [CMakeFiles/cmTC_bc2e7.dir/feature_tests.c.o] Error 1
make[1]: 离开目录“/home/hlt/Desktop/task/1opencv/build/CMakeFiles/CMakeTmp”
Makefile:126: recipe for target 'cmTC_bc2e7/fast' failed
make: *** [cmTC_bc2e7/fast] Error 2



